<?xml version="1.0" encoding="UTF-8"?>
<!-- Generated by org.testng.reporters.JUnitReportReporter -->
<testsuite skipped="0" hostname="DESKTOP-BHCQ8U9" name="ezizprojects.SeleniumTest" tests="2" failures="0" timestamp="2020-03-26T17:31:28 EDT" time="0.002" errors="0">
  <testcase name="BrowserAutomation" time="0.001" classname="ezizprojects.SeleniumTest"/>
  <system-out/>
  <testcase name="ElementsUI" time="0.001" classname="ezizprojects.SeleniumTest"/>
  <system-out/>
</testsuite> <!-- ezizprojects.SeleniumTest -->
