<?xml version="1.0" encoding="UTF-8"?>
<!-- Generated by org.testng.reporters.JUnitReportReporter -->
<testsuite skipped="0" hostname="DESKTOP-BHCQ8U9" name="ezizprojects.MobileTest" tests="2" failures="0" timestamp="2020-03-26T17:31:28 EDT" time="0.008" errors="0">
  <testcase name="IOSApps" time="0.007" classname="ezizprojects.MobileTest"/>
  <system-out/>
  <testcase name="NativeAppAndroid" time="0.001" classname="ezizprojects.MobileTest"/>
  <system-out/>
</testsuite> <!-- ezizprojects.MobileTest -->
